{"uid":"7a09b90d9cafdbc0","name":"openLink","fullName":"playwright_tests.FirstTest.openLink","historyId":"227a47e645bc1d4d69c84819ce0da607","time":{"start":1670396874133,"stop":1670396877445,"duration":3312},"status":"broken","statusMessage":"Error {\n  message='Unsupported token \"@href\" while parsing selector \"Locator@//a[@href='https://pl.linkedin.com/in/vadym-udaltsov-4864a9232']\"\n  name='Error\n  stack='Error: Unsupported token \"@href\" while parsing selector \"Locator@//a[@href='https://pl.linkedin.com/in/vadym-udaltsov-4864a9232']\"\n    at parseCSS (C:\\Users\\udalt\\AppData\\Local\\Temp\\playwright-java-619136175059489075\\package\\lib\\server\\isomorphic\\cssParser.js:58:31)\n    at C:\\Users\\udalt\\AppData\\Local\\Temp\\playwright-java-619136175059489075\\package\\lib\\server\\isomorphic\\selectorParser.js:50:49\n    at Array.map (<anonymous>)\n    at parseSelector (C:\\Users\\udalt\\AppData\\Local\\Temp\\playwright-java-619136175059489075\\package\\lib\\server\\isomorphic\\selectorParser.js:47:30)\n    at asLocator (C:\\Users\\udalt\\AppData\\Local\\Temp\\playwright-java-619136175059489075\\package\\lib\\server\\isomorphic\\locatorGenerators.js:28:77)\n    at Frame._asLocator (C:\\Users\\udalt\\AppData\\Local\\Temp\\playwright-java-619136175059489075\\package\\lib\\server\\frames.js:1518:45)\n    at C:\\Users\\udalt\\AppData\\Local\\Temp\\playwright-java-619136175059489075\\package\\lib\\server\\frames.js:637:40\n    at ProgressController.run (C:\\Users\\udalt\\AppData\\Local\\Temp\\playwright-java-619136175059489075\\package\\lib\\server\\progress.js:96:23)\n    at Frame.waitForSelector (C:\\Users\\udalt\\AppData\\Local\\Temp\\playwright-java-619136175059489075\\package\\lib\\server\\frames.js:636:23)\n    at FrameDispatcher.waitForSelector (C:\\Users\\udalt\\AppData\\Local\\Temp\\playwright-java-619136175059489075\\package\\lib\\server\\dispatchers\\frameDispatcher.js:95:117)\n}","statusTrace":"com.microsoft.playwright.PlaywrightException: Error {\n  message='Unsupported token \"@href\" while parsing selector \"Locator@//a[@href='https://pl.linkedin.com/in/vadym-udaltsov-4864a9232']\"\n  name='Error\n  stack='Error: Unsupported token \"@href\" while parsing selector \"Locator@//a[@href='https://pl.linkedin.com/in/vadym-udaltsov-4864a9232']\"\n    at parseCSS (C:\\Users\\udalt\\AppData\\Local\\Temp\\playwright-java-619136175059489075\\package\\lib\\server\\isomorphic\\cssParser.js:58:31)\n    at C:\\Users\\udalt\\AppData\\Local\\Temp\\playwright-java-619136175059489075\\package\\lib\\server\\isomorphic\\selectorParser.js:50:49\n    at Array.map (<anonymous>)\n    at parseSelector (C:\\Users\\udalt\\AppData\\Local\\Temp\\playwright-java-619136175059489075\\package\\lib\\server\\isomorphic\\selectorParser.js:47:30)\n    at asLocator (C:\\Users\\udalt\\AppData\\Local\\Temp\\playwright-java-619136175059489075\\package\\lib\\server\\isomorphic\\locatorGenerators.js:28:77)\n    at Frame._asLocator (C:\\Users\\udalt\\AppData\\Local\\Temp\\playwright-java-619136175059489075\\package\\lib\\server\\frames.js:1518:45)\n    at C:\\Users\\udalt\\AppData\\Local\\Temp\\playwright-java-619136175059489075\\package\\lib\\server\\frames.js:637:40\n    at ProgressController.run (C:\\Users\\udalt\\AppData\\Local\\Temp\\playwright-java-619136175059489075\\package\\lib\\server\\progress.js:96:23)\n    at Frame.waitForSelector (C:\\Users\\udalt\\AppData\\Local\\Temp\\playwright-java-619136175059489075\\package\\lib\\server\\frames.js:636:23)\n    at FrameDispatcher.waitForSelector (C:\\Users\\udalt\\AppData\\Local\\Temp\\playwright-java-619136175059489075\\package\\lib\\server\\dispatchers\\frameDispatcher.js:95:117)\n}\r\n\tat com.microsoft.playwright.impl.WaitableResult.get(WaitableResult.java:54)\r\n\tat com.microsoft.playwright.impl.ChannelOwner.runUntil(ChannelOwner.java:111)\r\n\tat com.microsoft.playwright.impl.Connection.sendMessage(Connection.java:119)\r\n\tat com.microsoft.playwright.impl.ChannelOwner.sendMessage(ChannelOwner.java:102)\r\n\tat com.microsoft.playwright.impl.FrameImpl.waitForSelectorImpl(FrameImpl.java:1051)\r\n\tat com.microsoft.playwright.impl.FrameImpl.waitForSelectorImpl(FrameImpl.java:1041)\r\n\tat com.microsoft.playwright.impl.PageImpl.lambda$waitForSelector$90(PageImpl.java:1465)\r\n\tat com.microsoft.playwright.impl.LoggingSupport.withLogging(LoggingSupport.java:47)\r\n\tat com.microsoft.playwright.impl.ChannelOwner.withLogging(ChannelOwner.java:87)\r\n\tat com.microsoft.playwright.impl.PageImpl.waitForSelector(PageImpl.java:1464)\r\n\tat com.microsoft.playwright.Page.waitForSelector(Page.java:7229)\r\n\tat playwright_tests.FirstTest.openLink(FirstTest.java:29)\r\n\tat java.base/jdk.internal.reflect.NativeMethodAccessorImpl.invoke0(Native Method)\r\n\tat java.base/jdk.internal.reflect.NativeMethodAccessorImpl.invoke(NativeMethodAccessorImpl.java:62)\r\n\tat java.base/jdk.internal.reflect.DelegatingMethodAccessorImpl.invoke(DelegatingMethodAccessorImpl.java:43)\r\n\tat java.base/java.lang.reflect.Method.invoke(Method.java:566)\r\n\tat org.testng.internal.invokers.MethodInvocationHelper.invokeMethod(MethodInvocationHelper.java:139)\r\n\tat org.testng.internal.invokers.TestInvoker.invokeMethod(TestInvoker.java:677)\r\n\tat org.testng.internal.invokers.TestInvoker.invokeTestMethod(TestInvoker.java:221)\r\n\tat org.testng.internal.invokers.MethodRunner.runInSequence(MethodRunner.java:50)\r\n\tat org.testng.internal.invokers.TestInvoker$MethodInvocationAgent.invoke(TestInvoker.java:962)\r\n\tat org.testng.internal.invokers.TestInvoker.invokeTestMethods(TestInvoker.java:194)\r\n\tat org.testng.internal.invokers.TestMethodWorker.invokeTestMethods(TestMethodWorker.java:148)\r\n\tat org.testng.internal.invokers.TestMethodWorker.run(TestMethodWorker.java:128)\r\n\tat java.base/java.util.ArrayList.forEach(ArrayList.java:1541)\r\n\tat org.testng.TestRunner.privateRun(TestRunner.java:806)\r\n\tat org.testng.TestRunner.run(TestRunner.java:601)\r\n\tat org.testng.SuiteRunner.runTest(SuiteRunner.java:433)\r\n\tat org.testng.SuiteRunner.runSequentially(SuiteRunner.java:427)\r\n\tat org.testng.SuiteRunner.privateRun(SuiteRunner.java:387)\r\n\tat org.testng.SuiteRunner.run(SuiteRunner.java:330)\r\n\tat org.testng.SuiteRunnerWorker.runSuite(SuiteRunnerWorker.java:52)\r\n\tat org.testng.SuiteRunnerWorker.run(SuiteRunnerWorker.java:95)\r\n\tat org.testng.TestNG.runSuitesSequentially(TestNG.java:1256)\r\n\tat org.testng.TestNG.runSuitesLocally(TestNG.java:1176)\r\n\tat org.testng.TestNG.runSuites(TestNG.java:1099)\r\n\tat org.testng.TestNG.run(TestNG.java:1067)\r\n\tat com.intellij.rt.testng.IDEARemoteTestNG.run(IDEARemoteTestNG.java:66)\r\n\tat com.intellij.rt.testng.RemoteTestNGStarter.main(RemoteTestNGStarter.java:109)\r\nCaused by: com.microsoft.playwright.impl.DriverException: Error {\n  message='Unsupported token \"@href\" while parsing selector \"Locator@//a[@href='https://pl.linkedin.com/in/vadym-udaltsov-4864a9232']\"\n  name='Error\n  stack='Error: Unsupported token \"@href\" while parsing selector \"Locator@//a[@href='https://pl.linkedin.com/in/vadym-udaltsov-4864a9232']\"\n    at parseCSS (C:\\Users\\udalt\\AppData\\Local\\Temp\\playwright-java-619136175059489075\\package\\lib\\server\\isomorphic\\cssParser.js:58:31)\n    at C:\\Users\\udalt\\AppData\\Local\\Temp\\playwright-java-619136175059489075\\package\\lib\\server\\isomorphic\\selectorParser.js:50:49\n    at Array.map (<anonymous>)\n    at parseSelector (C:\\Users\\udalt\\AppData\\Local\\Temp\\playwright-java-619136175059489075\\package\\lib\\server\\isomorphic\\selectorParser.js:47:30)\n    at asLocator (C:\\Users\\udalt\\AppData\\Local\\Temp\\playwright-java-619136175059489075\\package\\lib\\server\\isomorphic\\locatorGenerators.js:28:77)\n    at Frame._asLocator (C:\\Users\\udalt\\AppData\\Local\\Temp\\playwright-java-619136175059489075\\package\\lib\\server\\frames.js:1518:45)\n    at C:\\Users\\udalt\\AppData\\Local\\Temp\\playwright-java-619136175059489075\\package\\lib\\server\\frames.js:637:40\n    at ProgressController.run (C:\\Users\\udalt\\AppData\\Local\\Temp\\playwright-java-619136175059489075\\package\\lib\\server\\progress.js:96:23)\n    at Frame.waitForSelector (C:\\Users\\udalt\\AppData\\Local\\Temp\\playwright-java-619136175059489075\\package\\lib\\server\\frames.js:636:23)\n    at FrameDispatcher.waitForSelector (C:\\Users\\udalt\\AppData\\Local\\Temp\\playwright-java-619136175059489075\\package\\lib\\server\\dispatchers\\frameDispatcher.js:95:117)\n}\r\n\tat com.microsoft.playwright.impl.Connection.dispatch(Connection.java:201)\r\n\tat com.microsoft.playwright.impl.Connection.processOneMessage(Connection.java:181)\r\n\tat com.microsoft.playwright.impl.ChannelOwner.runUntil(ChannelOwner.java:109)\r\n\t... 37 more\r\n","flaky":false,"newFailed":false,"newBroken":false,"newPassed":false,"retriesCount":0,"retriesStatusChange":false,"beforeStages":[],"afterStages":[],"labels":[{"name":"package","value":"playwright_tests.FirstTest"},{"name":"testClass","value":"playwright_tests.FirstTest"},{"name":"testMethod","value":"openLink"},{"name":"parentSuite","value":"Default Suite"},{"name":"suite","value":"XYZ_Bank"},{"name":"subSuite","value":"playwright_tests.FirstTest"},{"name":"host","value":"DESKTOP-BJQFK1F"},{"name":"thread","value":"1592@DESKTOP-BJQFK1F.main(1)"},{"name":"framework","value":"testng"},{"name":"language","value":"java"},{"name":"resultFormat","value":"allure2"}],"parameters":[],"links":[],"hidden":true,"retry":true,"extra":{"categories":[],"tags":[]},"source":"7a09b90d9cafdbc0.json","parameterValues":[]}